Determining if the pthread_create exist failed with the following output:
Change Dir: /home/workspace/robo-nd-projects/project_2/catkin_ws/build/CMakeFiles/CMakeTmp

Run Build Command:"/usr/bin/make" "cmTC_108d0/fast"
/usr/bin/make -f CMakeFiles/cmTC_108d0.dir/build.make CMakeFiles/cmTC_108d0.dir/build
make[1]: Entering directory '/home/workspace/robo-nd-projects/project_2/catkin_ws/build/CMakeFiles/CMakeTmp'
Building C object CMakeFiles/cmTC_108d0.dir/CheckSymbolExists.c.o
/usr/bin/cc     -o CMakeFiles/cmTC_108d0.dir/CheckSymbolExists.c.o   -c /home/workspace/robo-nd-projects/project_2/catkin_ws/build/CMakeFiles/CMakeTmp/CheckSymbolExists.c
Linking C executable cmTC_108d0
/usr/bin/cmake -E cmake_link_script CMakeFiles/cmTC_108d0.dir/link.txt --verbose=1
/usr/bin/cc       CMakeFiles/cmTC_108d0.dir/CheckSymbolExists.c.o  -o cmTC_108d0 -rdynamic 
CMakeFiles/cmTC_108d0.dir/CheckSymbolExists.c.o: In function `main':
CheckSymbolExists.c:(.text+0x16): undefined reference to `pthread_create'
collect2: error: ld returned 1 exit status
CMakeFiles/cmTC_108d0.dir/build.make:97: recipe for target 'cmTC_108d0' failed
make[1]: *** [cmTC_108d0] Error 1
make[1]: Leaving directory '/home/workspace/robo-nd-projects/project_2/catkin_ws/build/CMakeFiles/CMakeTmp'
Makefile:126: recipe for target 'cmTC_108d0/fast' failed
make: *** [cmTC_108d0/fast] Error 2

File /home/workspace/robo-nd-projects/project_2/catkin_ws/build/CMakeFiles/CMakeTmp/CheckSymbolExists.c:
/* */
#include <pthread.h>

int main(int argc, char** argv)
{
  (void)argv;
#ifndef pthread_create
  return ((int*)(&pthread_create))[argc];
#else
  (void)argc;
  return 0;
#endif
}

Determining if the function pthread_create exists in the pthreads failed with the following output:
Change Dir: /home/workspace/robo-nd-projects/project_2/catkin_ws/build/CMakeFiles/CMakeTmp

Run Build Command:"/usr/bin/make" "cmTC_1d5fb/fast"
/usr/bin/make -f CMakeFiles/cmTC_1d5fb.dir/build.make CMakeFiles/cmTC_1d5fb.dir/build
make[1]: Entering directory '/home/workspace/robo-nd-projects/project_2/catkin_ws/build/CMakeFiles/CMakeTmp'
Building C object CMakeFiles/cmTC_1d5fb.dir/CheckFunctionExists.c.o
/usr/bin/cc    -DCHECK_FUNCTION_EXISTS=pthread_create   -o CMakeFiles/cmTC_1d5fb.dir/CheckFunctionExists.c.o   -c /usr/share/cmake-3.5/Modules/CheckFunctionExists.c
Linking C executable cmTC_1d5fb
/usr/bin/cmake -E cmake_link_script CMakeFiles/cmTC_1d5fb.dir/link.txt --verbose=1
/usr/bin/cc   -DCHECK_FUNCTION_EXISTS=pthread_create    CMakeFiles/cmTC_1d5fb.dir/CheckFunctionExists.c.o  -o cmTC_1d5fb -rdynamic -lpthreads 
/usr/bin/ld: cannot find -lpthreads
collect2: error: ld returned 1 exit status
CMakeFiles/cmTC_1d5fb.dir/build.make:97: recipe for target 'cmTC_1d5fb' failed
make[1]: *** [cmTC_1d5fb] Error 1
make[1]: Leaving directory '/home/workspace/robo-nd-projects/project_2/catkin_ws/build/CMakeFiles/CMakeTmp'
Makefile:126: recipe for target 'cmTC_1d5fb/fast' failed
make: *** [cmTC_1d5fb/fast] Error 2


